Using pre-set license
Built from '2020.2/release' branch; Version is '2020.2.2f1 (068178b99f32) revision 426360'; Using compiler version '192528614'; Build Type 'Release'
OS: 'Windows 10 Enterprise; OS build 18363.1440; Version 1909; 64bit' Language: 'en' Physical Memory: 16304 MB
BatchMode: 1, IsHumanControllingUs: 0, StartBugReporterOnCrash: 0, Is64bit: 1, IsPro: 0

 COMMAND LINE ARGUMENTS:
C:\Program Files\Unity\Hub\Editor\2020.2.2f1\Editor\Unity.exe
-adb2
-batchMode
-noUpm
-name
AssetImportWorker0
-projectPath
C:/Users/jackson.king/Documents/jking/ComplexSys_As2_SpaceSim
-logFile
Logs/AssetImportWorker0.log
-srvPort
56374
Successfully changed project path to: C:/Users/jackson.king/Documents/jking/ComplexSys_As2_SpaceSim
C:/Users/jackson.king/Documents/jking/ComplexSys_As2_SpaceSim
Using Asset Import Pipeline V2.
Refreshing native plugins compatible for Editor in 22.48 ms, found 1 plugins.
Preloading 0 native plugins for Editor in 0.00 ms.
Initialize engine version: 2020.2.2f1 (068178b99f32)
[Subsystems] Discovering subsystems at path C:/Program Files/Unity/Hub/Editor/2020.2.2f1/Editor/Data/Resources/UnitySubsystems
[Subsystems] Discovering subsystems at path C:/Users/jackson.king/Documents/jking/ComplexSys_As2_SpaceSim/Assets
GfxDevice: creating device client; threaded=0
Direct3D:
    Version:  Direct3D 11.0 [level 11.0]
    Renderer: NVIDIA Quadro K2200  (ID=0x13ba)
    Vendor:   
    VRAM:     4035 MB
    Driver:   10.18.13.5362
Initialize mono
Mono path[0] = 'C:/Program Files/Unity/Hub/Editor/2020.2.2f1/Editor/Data/Managed'
Mono path[1] = 'C:/Program Files/Unity/Hub/Editor/2020.2.2f1/Editor/Data/MonoBleedingEdge/lib/mono/unityjit'
Mono config path = 'C:/Program Files/Unity/Hub/Editor/2020.2.2f1/Editor/Data/MonoBleedingEdge/etc'
Using monoOptions --debugger-agent=transport=dt_socket,embedding=1,server=y,suspend=n,address=127.0.0.1:56220
Begin MonoManager ReloadAssembly
Registering precompiled unity dll's ...
Register platform support module: C:/Program Files/Unity/Hub/Editor/2020.2.2f1/Editor/Data/PlaybackEngines/WindowsStandaloneSupport/UnityEditor.WindowsStandalone.Extensions.dll
Registered in 0.001253 seconds.
Native extension for WindowsStandalone target not found
Refreshing native plugins compatible for Editor in 26.42 ms, found 1 plugins.
Preloading 0 native plugins for Editor in 0.00 ms.
Invoked RoslynAnalysisRunner static constructor.
RoslynAnalysisRunner will not be running.
RoslynAnalysisRunner has terminated.
Mono: successfully reloaded assembly
- Completed reload, in  1.723 seconds
Platform modules already initialized, skipping
Registering precompiled user dll's ...
Registered in 0.000732 seconds.
Begin MonoManager ReloadAssembly
Native extension for WindowsStandalone target not found
Refreshing native plugins compatible for Editor in 0.22 ms, found 1 plugins.
Preloading 0 native plugins for Editor in 0.00 ms.
Invoked RoslynAnalysisRunner static constructor.
RoslynAnalysisRunner will not be running.
RoslynAnalysisRunner has terminated.
Mono: successfully reloaded assembly
- Completed reload, in  0.956 seconds
Platform modules already initialized, skipping
========================================================================
Worker process is ready to serve import requests
Launched and connected shader compiler UnityShaderCompiler.exe after 0.05 seconds
Refreshing native plugins compatible for Editor in 0.35 ms, found 1 plugins.
Preloading 0 native plugins for Editor in 0.00 ms.
Unloading 1118 Unused Serialized files (Serialized files now loaded: 0)
System memory in use before: 60.1 MB.
System memory in use after: 60.2 MB.

Unloading 11 unused Assets to reduce memory usage. Loaded Objects now: 1559.
Total: 1.821200 ms (FindLiveObjects: 0.129000 ms CreateObjectMapping: 0.042100 ms MarkObjects: 1.560800 ms  DeleteObjects: 0.087900 ms)

========================================================================
Received Import Request.
  path: Assets/Shader2_TueClass/AndrewShader2_Transparent.shader
  artifactKey: Guid(cac7ec74ff2c71448939d97df3cbb33e) Importer(815301076,1909f56bfc062723c751e8b465ee728b)
Start importing Assets/Shader2_TueClass/AndrewShader2_Transparent.shader using Guid(cac7ec74ff2c71448939d97df3cbb33e) Importer(815301076,1909f56bfc062723c751e8b465ee728b)  -> (artifact id: '8c332395d002e8089801851870bbad56') in 0.071276 seconds
  Import took 0.074418 seconds .

========================================================================
Received Import Request.
  Time since last request: 12.746769 seconds.
  path: Assets/Shader2_TueClass/AndrewShader2_Transparent.shader
  artifactKey: Guid(cac7ec74ff2c71448939d97df3cbb33e) Importer(815301076,1909f56bfc062723c751e8b465ee728b)
Start importing Assets/Shader2_TueClass/AndrewShader2_Transparent.shader using Guid(cac7ec74ff2c71448939d97df3cbb33e) Importer(815301076,1909f56bfc062723c751e8b465ee728b)  -> (artifact id: 'ca7ce123ad0467e267068d23543a7797') in 0.004367 seconds
  Import took 0.007313 seconds .

========================================================================
Received Prepare
Registering precompiled user dll's ...
Registered in 0.001008 seconds.
Begin MonoManager ReloadAssembly
Native extension for WindowsStandalone target not found
Refreshing native plugins compatible for Editor in 0.25 ms, found 1 plugins.
Preloading 0 native plugins for Editor in 0.00 ms.
Invoked RoslynAnalysisRunner static constructor.
RoslynAnalysisRunner will not be running.
RoslynAnalysisRunner has terminated.
Mono: successfully reloaded assembly
- Completed reload, in  0.913 seconds
Platform modules already initialized, skipping
Refreshing native plugins compatible for Editor in 0.44 ms, found 1 plugins.
Preloading 0 native plugins for Editor in 0.00 ms.
Unloading 1089 Unused Serialized files (Serialized files now loaded: 0)
System memory in use before: 58.4 MB.
System memory in use after: 58.5 MB.

Unloading 6 unused Assets to reduce memory usage. Loaded Objects now: 1561.
Total: 1.916700 ms (FindLiveObjects: 0.150400 ms CreateObjectMapping: 0.035400 ms MarkObjects: 1.652400 ms  DeleteObjects: 0.077200 ms)

